D:\LIB\LIVEMEDIA.LIB
D:\PROJECTS\MYLIVE\LIVEMEDIA\DEBUG\AACAUDIOMATROSKAFILESERVERMEDIASUBSESSION.OBJ
D:\PROJECTS\MYLIVE\LIVEMEDIA\DEBUG\AC3AUDIOFILESERVERMEDIASUBSESSION.OBJ
D:\PROJECTS\MYLIVE\LIVEMEDIA\DEBUG\AC3AUDIOMATROSKAFILESERVERMEDIASUBSESSION.OBJ
D:\PROJECTS\MYLIVE\LIVEMEDIA\DEBUG\AC3AUDIORTPSINK.OBJ
D:\PROJECTS\MYLIVE\LIVEMEDIA\DEBUG\AC3AUDIORTPSOURCE.OBJ
D:\PROJECTS\MYLIVE\LIVEMEDIA\DEBUG\AC3AUDIOSTREAMFRAMER.OBJ
D:\PROJECTS\MYLIVE\LIVEMEDIA\DEBUG\ADTSAUDIOFILESERVERMEDIASUBSESSION.OBJ
D:\PROJECTS\MYLIVE\LIVEMEDIA\DEBUG\ADTSAUDIOFILESOURCE.OBJ
D:\PROJECTS\MYLIVE\LIVEMEDIA\DEBUG\AMRAUDIOFILESERVERMEDIASUBSESSION.OBJ
D:\PROJECTS\MYLIVE\LIVEMEDIA\DEBUG\AMRAUDIOFILESINK.OBJ
D:\PROJECTS\MYLIVE\LIVEMEDIA\DEBUG\AMRAUDIOFILESOURCE.OBJ
D:\PROJECTS\MYLIVE\LIVEMEDIA\DEBUG\AMRAUDIORTPSINK.OBJ
D:\PROJECTS\MYLIVE\LIVEMEDIA\DEBUG\AMRAUDIORTPSOURCE.OBJ
D:\PROJECTS\MYLIVE\LIVEMEDIA\DEBUG\AMRAUDIOSOURCE.OBJ
D:\PROJECTS\MYLIVE\LIVEMEDIA\DEBUG\AUDIOINPUTDEVICE.OBJ
D:\PROJECTS\MYLIVE\LIVEMEDIA\DEBUG\AUDIORTPSINK.OBJ
D:\PROJECTS\MYLIVE\LIVEMEDIA\DEBUG\AVIFILESINK.OBJ
D:\PROJECTS\MYLIVE\LIVEMEDIA\DEBUG\BASE64.OBJ
D:\PROJECTS\MYLIVE\LIVEMEDIA\DEBUG\BASICUDPSINK.OBJ
D:\PROJECTS\MYLIVE\LIVEMEDIA\DEBUG\BASICUDPSOURCE.OBJ
D:\PROJECTS\MYLIVE\LIVEMEDIA\DEBUG\BITVECTOR.OBJ
D:\PROJECTS\MYLIVE\LIVEMEDIA\DEBUG\BYTESTREAMFILESOURCE.OBJ
D:\PROJECTS\MYLIVE\LIVEMEDIA\DEBUG\BYTESTREAMMEMORYBUFFERSOURCE.OBJ
D:\PROJECTS\MYLIVE\LIVEMEDIA\DEBUG\BYTESTREAMMULTIFILESOURCE.OBJ
D:\Projects\myLive\liveMedia\Debug\cl.command.1.tlog
D:\Projects\myLive\liveMedia\Debug\CL.read.1.tlog
D:\Projects\myLive\liveMedia\Debug\CL.write.1.tlog
D:\PROJECTS\MYLIVE\LIVEMEDIA\DEBUG\DARWININJECTOR.OBJ
D:\PROJECTS\MYLIVE\LIVEMEDIA\DEBUG\DEVICESOURCE.OBJ
D:\PROJECTS\MYLIVE\LIVEMEDIA\DEBUG\DIGESTAUTHENTICATION.OBJ
D:\PROJECTS\MYLIVE\LIVEMEDIA\DEBUG\DVVIDEOFILESERVERMEDIASUBSESSION.OBJ
D:\PROJECTS\MYLIVE\LIVEMEDIA\DEBUG\DVVIDEORTPSINK.OBJ
D:\PROJECTS\MYLIVE\LIVEMEDIA\DEBUG\DVVIDEORTPSOURCE.OBJ
D:\PROJECTS\MYLIVE\LIVEMEDIA\DEBUG\DVVIDEOSTREAMFRAMER.OBJ
D:\PROJECTS\MYLIVE\LIVEMEDIA\DEBUG\EBMLNUMBER.OBJ
D:\PROJECTS\MYLIVE\LIVEMEDIA\DEBUG\FILESERVERMEDIASUBSESSION.OBJ
D:\PROJECTS\MYLIVE\LIVEMEDIA\DEBUG\FILESINK.OBJ
D:\PROJECTS\MYLIVE\LIVEMEDIA\DEBUG\FRAMEDFILESOURCE.OBJ
D:\PROJECTS\MYLIVE\LIVEMEDIA\DEBUG\FRAMEDFILTER.OBJ
D:\PROJECTS\MYLIVE\LIVEMEDIA\DEBUG\FRAMEDSOURCE.OBJ
D:\PROJECTS\MYLIVE\LIVEMEDIA\DEBUG\GSMAUDIORTPSINK.OBJ
D:\PROJECTS\MYLIVE\LIVEMEDIA\DEBUG\H261VIDEORTPSOURCE.OBJ
D:\PROJECTS\MYLIVE\LIVEMEDIA\DEBUG\H263PLUSVIDEOFILESERVERMEDIASUBSESSION.OBJ
D:\PROJECTS\MYLIVE\LIVEMEDIA\DEBUG\H263PLUSVIDEORTPSINK.OBJ
D:\PROJECTS\MYLIVE\LIVEMEDIA\DEBUG\H263PLUSVIDEORTPSOURCE.OBJ
D:\PROJECTS\MYLIVE\LIVEMEDIA\DEBUG\H263PLUSVIDEOSTREAMFRAMER.OBJ
D:\PROJECTS\MYLIVE\LIVEMEDIA\DEBUG\H263PLUSVIDEOSTREAMPARSER.OBJ
D:\PROJECTS\MYLIVE\LIVEMEDIA\DEBUG\H264VIDEOFILESERVERMEDIASUBSESSION.OBJ
D:\PROJECTS\MYLIVE\LIVEMEDIA\DEBUG\H264VIDEOFILESINK.OBJ
D:\PROJECTS\MYLIVE\LIVEMEDIA\DEBUG\H264VIDEOMATROSKAFILESERVERMEDIASUBSESSION.OBJ
D:\PROJECTS\MYLIVE\LIVEMEDIA\DEBUG\H264VIDEORTPSINK.OBJ
D:\PROJECTS\MYLIVE\LIVEMEDIA\DEBUG\H264VIDEORTPSOURCE.OBJ
D:\PROJECTS\MYLIVE\LIVEMEDIA\DEBUG\H264VIDEOSTREAMDISCRETEFRAMER.OBJ
D:\PROJECTS\MYLIVE\LIVEMEDIA\DEBUG\H264VIDEOSTREAMFRAMER.OBJ
D:\PROJECTS\MYLIVE\LIVEMEDIA\DEBUG\INPUTFILE.OBJ
D:\PROJECTS\MYLIVE\LIVEMEDIA\DEBUG\JPEGVIDEORTPSINK.OBJ
D:\PROJECTS\MYLIVE\LIVEMEDIA\DEBUG\JPEGVIDEORTPSOURCE.OBJ
D:\PROJECTS\MYLIVE\LIVEMEDIA\DEBUG\JPEGVIDEOSOURCE.OBJ
D:\Projects\myLive\liveMedia\Debug\lib.command.1.tlog
D:\Projects\myLive\liveMedia\Debug\Lib-link.read.1.tlog
D:\Projects\myLive\liveMedia\Debug\Lib-link.write.1.tlog
D:\PROJECTS\MYLIVE\LIVEMEDIA\DEBUG\LOCALE.OBJ
D:\PROJECTS\MYLIVE\LIVEMEDIA\DEBUG\MATROSKADEMUXEDTRACK.OBJ
D:\PROJECTS\MYLIVE\LIVEMEDIA\DEBUG\MATROSKAFILE.OBJ
D:\PROJECTS\MYLIVE\LIVEMEDIA\DEBUG\MATROSKAFILEPARSER.OBJ
D:\PROJECTS\MYLIVE\LIVEMEDIA\DEBUG\MATROSKAFILESERVERDEMUX.OBJ
D:\PROJECTS\MYLIVE\LIVEMEDIA\DEBUG\MEDIA.OBJ
D:\PROJECTS\MYLIVE\LIVEMEDIA\DEBUG\MEDIASESSION.OBJ
D:\PROJECTS\MYLIVE\LIVEMEDIA\DEBUG\MEDIASINK.OBJ
D:\PROJECTS\MYLIVE\LIVEMEDIA\DEBUG\MEDIASOURCE.OBJ
D:\PROJECTS\MYLIVE\LIVEMEDIA\DEBUG\MP3ADU.OBJ
D:\PROJECTS\MYLIVE\LIVEMEDIA\DEBUG\MP3ADUDESCRIPTOR.OBJ
D:\PROJECTS\MYLIVE\LIVEMEDIA\DEBUG\MP3ADUINTERLEAVING.OBJ
D:\PROJECTS\MYLIVE\LIVEMEDIA\DEBUG\MP3ADURTPSINK.OBJ
D:\PROJECTS\MYLIVE\LIVEMEDIA\DEBUG\MP3ADURTPSOURCE.OBJ
D:\PROJECTS\MYLIVE\LIVEMEDIA\DEBUG\MP3ADUTRANSCODER.OBJ
D:\PROJECTS\MYLIVE\LIVEMEDIA\DEBUG\MP3AUDIOFILESERVERMEDIASUBSESSION.OBJ
D:\PROJECTS\MYLIVE\LIVEMEDIA\DEBUG\MP3AUDIOMATROSKAFILESERVERMEDIASUBSESSION.OBJ
D:\PROJECTS\MYLIVE\LIVEMEDIA\DEBUG\MP3FILESOURCE.OBJ
D:\PROJECTS\MYLIVE\LIVEMEDIA\DEBUG\MP3INTERNALS.OBJ
D:\PROJECTS\MYLIVE\LIVEMEDIA\DEBUG\MP3INTERNALSHUFFMAN.OBJ
D:\PROJECTS\MYLIVE\LIVEMEDIA\DEBUG\MP3INTERNALSHUFFMANTABLE.OBJ
D:\PROJECTS\MYLIVE\LIVEMEDIA\DEBUG\MP3STREAMSTATE.OBJ
D:\PROJECTS\MYLIVE\LIVEMEDIA\DEBUG\MP3TRANSCODER.OBJ
D:\PROJECTS\MYLIVE\LIVEMEDIA\DEBUG\MPEG1OR2AUDIORTPSINK.OBJ
D:\PROJECTS\MYLIVE\LIVEMEDIA\DEBUG\MPEG1OR2AUDIORTPSOURCE.OBJ
D:\PROJECTS\MYLIVE\LIVEMEDIA\DEBUG\MPEG1OR2AUDIOSTREAMFRAMER.OBJ
D:\PROJECTS\MYLIVE\LIVEMEDIA\DEBUG\MPEG1OR2DEMUX.OBJ
D:\PROJECTS\MYLIVE\LIVEMEDIA\DEBUG\MPEG1OR2DEMUXEDELEMENTARYSTREAM.OBJ
D:\PROJECTS\MYLIVE\LIVEMEDIA\DEBUG\MPEG1OR2DEMUXEDSERVERMEDIASUBSESSION.OBJ
D:\PROJECTS\MYLIVE\LIVEMEDIA\DEBUG\MPEG1OR2FILESERVERDEMUX.OBJ
D:\PROJECTS\MYLIVE\LIVEMEDIA\DEBUG\MPEG1OR2VIDEOFILESERVERMEDIASUBSESSION.OBJ
D:\PROJECTS\MYLIVE\LIVEMEDIA\DEBUG\MPEG1OR2VIDEORTPSINK.OBJ
D:\PROJECTS\MYLIVE\LIVEMEDIA\DEBUG\MPEG1OR2VIDEORTPSOURCE.OBJ
D:\PROJECTS\MYLIVE\LIVEMEDIA\DEBUG\MPEG1OR2VIDEOSTREAMDISCRETEFRAMER.OBJ
D:\PROJECTS\MYLIVE\LIVEMEDIA\DEBUG\MPEG1OR2VIDEOSTREAMFRAMER.OBJ
D:\PROJECTS\MYLIVE\LIVEMEDIA\DEBUG\MPEG2INDEXFROMTRANSPORTSTREAM.OBJ
D:\PROJECTS\MYLIVE\LIVEMEDIA\DEBUG\MPEG2TRANSPORTFILESERVERMEDIASUBSESSION.OBJ
D:\PROJECTS\MYLIVE\LIVEMEDIA\DEBUG\MPEG2TRANSPORTSTREAMFRAMER.OBJ
D:\PROJECTS\MYLIVE\LIVEMEDIA\DEBUG\MPEG2TRANSPORTSTREAMFROMESSOURCE.OBJ
D:\PROJECTS\MYLIVE\LIVEMEDIA\DEBUG\MPEG2TRANSPORTSTREAMFROMPESSOURCE.OBJ
D:\PROJECTS\MYLIVE\LIVEMEDIA\DEBUG\MPEG2TRANSPORTSTREAMINDEXFILE.OBJ
D:\PROJECTS\MYLIVE\LIVEMEDIA\DEBUG\MPEG2TRANSPORTSTREAMMULTIPLEXOR.OBJ
D:\PROJECTS\MYLIVE\LIVEMEDIA\DEBUG\MPEG2TRANSPORTSTREAMTRICKMODEFILTER.OBJ
D:\PROJECTS\MYLIVE\LIVEMEDIA\DEBUG\MPEG2TRANSPORTUDPSERVERMEDIASUBSESSION.OBJ
D:\PROJECTS\MYLIVE\LIVEMEDIA\DEBUG\MPEG4ESVIDEORTPSINK.OBJ
D:\PROJECTS\MYLIVE\LIVEMEDIA\DEBUG\MPEG4ESVIDEORTPSOURCE.OBJ
D:\PROJECTS\MYLIVE\LIVEMEDIA\DEBUG\MPEG4GENERICRTPSINK.OBJ
D:\PROJECTS\MYLIVE\LIVEMEDIA\DEBUG\MPEG4GENERICRTPSOURCE.OBJ
D:\PROJECTS\MYLIVE\LIVEMEDIA\DEBUG\MPEG4LATMAUDIORTPSINK.OBJ
D:\PROJECTS\MYLIVE\LIVEMEDIA\DEBUG\MPEG4LATMAUDIORTPSOURCE.OBJ
D:\PROJECTS\MYLIVE\LIVEMEDIA\DEBUG\MPEG4VIDEOFILESERVERMEDIASUBSESSION.OBJ
D:\PROJECTS\MYLIVE\LIVEMEDIA\DEBUG\MPEG4VIDEOSTREAMDISCRETEFRAMER.OBJ
D:\PROJECTS\MYLIVE\LIVEMEDIA\DEBUG\MPEG4VIDEOSTREAMFRAMER.OBJ
D:\PROJECTS\MYLIVE\LIVEMEDIA\DEBUG\MPEGVIDEOSTREAMFRAMER.OBJ
D:\PROJECTS\MYLIVE\LIVEMEDIA\DEBUG\MPEGVIDEOSTREAMPARSER.OBJ
D:\PROJECTS\MYLIVE\LIVEMEDIA\DEBUG\MULTIFRAMEDRTPSINK.OBJ
D:\PROJECTS\MYLIVE\LIVEMEDIA\DEBUG\MULTIFRAMEDRTPSOURCE.OBJ
D:\PROJECTS\MYLIVE\LIVEMEDIA\DEBUG\ONDEMANDSERVERMEDIASUBSESSION.OBJ
D:\PROJECTS\MYLIVE\LIVEMEDIA\DEBUG\OUR_MD5.OBJ
D:\PROJECTS\MYLIVE\LIVEMEDIA\DEBUG\OUR_MD5HL.OBJ
D:\PROJECTS\MYLIVE\LIVEMEDIA\DEBUG\OUTPUTFILE.OBJ
D:\PROJECTS\MYLIVE\LIVEMEDIA\DEBUG\PASSIVESERVERMEDIASUBSESSION.OBJ
D:\PROJECTS\MYLIVE\LIVEMEDIA\DEBUG\PROXYSERVERMEDIASESSION.OBJ
D:\PROJECTS\MYLIVE\LIVEMEDIA\DEBUG\QCELPAUDIORTPSOURCE.OBJ
D:\PROJECTS\MYLIVE\LIVEMEDIA\DEBUG\QUICKTIMEFILESINK.OBJ
D:\PROJECTS\MYLIVE\LIVEMEDIA\DEBUG\QUICKTIMEGENERICRTPSOURCE.OBJ
D:\PROJECTS\MYLIVE\LIVEMEDIA\DEBUG\RTCP.OBJ
D:\PROJECTS\MYLIVE\LIVEMEDIA\DEBUG\RTCP_FROM_SPEC.OBJ
D:\PROJECTS\MYLIVE\LIVEMEDIA\DEBUG\RTPINTERFACE.OBJ
D:\PROJECTS\MYLIVE\LIVEMEDIA\DEBUG\RTPSINK.OBJ
D:\PROJECTS\MYLIVE\LIVEMEDIA\DEBUG\RTPSOURCE.OBJ
D:\PROJECTS\MYLIVE\LIVEMEDIA\DEBUG\RTSPCLIENT.OBJ
D:\PROJECTS\MYLIVE\LIVEMEDIA\DEBUG\RTSPCOMMON.OBJ
D:\PROJECTS\MYLIVE\LIVEMEDIA\DEBUG\RTSPSERVER.OBJ
D:\PROJECTS\MYLIVE\LIVEMEDIA\DEBUG\RTSPSERVERSUPPORTINGHTTPSTREAMING.OBJ
D:\PROJECTS\MYLIVE\LIVEMEDIA\DEBUG\SERVERMEDIASESSION.OBJ
D:\PROJECTS\MYLIVE\LIVEMEDIA\DEBUG\SIMPLERTPSINK.OBJ
D:\PROJECTS\MYLIVE\LIVEMEDIA\DEBUG\SIMPLERTPSOURCE.OBJ
D:\PROJECTS\MYLIVE\LIVEMEDIA\DEBUG\SIPCLIENT.OBJ
D:\PROJECTS\MYLIVE\LIVEMEDIA\DEBUG\STREAMPARSER.OBJ
D:\PROJECTS\MYLIVE\LIVEMEDIA\DEBUG\STREAMREPLICATOR.OBJ
D:\PROJECTS\MYLIVE\LIVEMEDIA\DEBUG\T140TEXTMATROSKAFILESERVERMEDIASUBSESSION.OBJ
D:\PROJECTS\MYLIVE\LIVEMEDIA\DEBUG\T140TEXTRTPSINK.OBJ
D:\PROJECTS\MYLIVE\LIVEMEDIA\DEBUG\TCPSTREAMSINK.OBJ
D:\PROJECTS\MYLIVE\LIVEMEDIA\DEBUG\TEXTRTPSINK.OBJ
D:\PROJECTS\MYLIVE\LIVEMEDIA\DEBUG\ULAWAUDIOFILTER.OBJ
D:\Projects\myLive\liveMedia\Debug\vc100.idb
D:\PROJECTS\MYLIVE\LIVEMEDIA\DEBUG\VC100.PDB
D:\PROJECTS\MYLIVE\LIVEMEDIA\DEBUG\VIDEORTPSINK.OBJ
D:\PROJECTS\MYLIVE\LIVEMEDIA\DEBUG\VORBISAUDIOMATROSKAFILESERVERMEDIASUBSESSION.OBJ
D:\PROJECTS\MYLIVE\LIVEMEDIA\DEBUG\VORBISAUDIORTPSINK.OBJ
D:\PROJECTS\MYLIVE\LIVEMEDIA\DEBUG\VORBISAUDIORTPSOURCE.OBJ
D:\PROJECTS\MYLIVE\LIVEMEDIA\DEBUG\VP8VIDEOMATROSKAFILESERVERMEDIASUBSESSION.OBJ
D:\PROJECTS\MYLIVE\LIVEMEDIA\DEBUG\VP8VIDEORTPSINK.OBJ
D:\PROJECTS\MYLIVE\LIVEMEDIA\DEBUG\VP8VIDEORTPSOURCE.OBJ
D:\PROJECTS\MYLIVE\LIVEMEDIA\DEBUG\WAVAUDIOFILESERVERMEDIASUBSESSION.OBJ
D:\PROJECTS\MYLIVE\LIVEMEDIA\DEBUG\WAVAUDIOFILESOURCE.OBJ
