生成启动时间为 2013-3-1 16:52:10。
     1>项目“D:\Projects\myLive\mediaServer\mediaServer.vcxproj”在节点 2 上(build 个目标)。
     1>InitializeBuildStatus:
         正在对“Debug\mediaServer.unsuccessfulbuild”执行 Touch 任务。
       ClCompile:
         所有输出均为最新。
       ManifestResourceCompile:
         所有输出均为最新。
       Link:
         c:\Program Files\Microsoft Visual Studio 10.0\VC\bin\link.exe /ERRORREPORT:PROMPT /OUT:"D:\Projects\myLive\Debug\mediaServer.exe" /INCREMENTAL /NOLOGO UsageEnvironment.lib liveMedia.lib groupsock.lib BasicUsageEnvironment.lib Ws2_32.lib /MANIFEST /ManifestFile:"Debug\mediaServer.exe.intermediate.manifest" /MANIFESTUAC:"level='asInvoker' uiAccess='false'" /DEBUG /PDB:"D:\Projects\myLive\Debug\mediaServer.pdb" /SUBSYSTEM:CONSOLE /TLBID:1 /DYNAMICBASE /NXCOMPAT /IMPLIB:"D:\Projects\myLive\Debug\mediaServer.lib" /MACHINE:X86 Debug\mediaServer.exe.embed.manifest.res
         Debug\DynamicRTSPServer.obj
         Debug\live555MediaServer.obj
       Manifest:
         c:\Program Files\Microsoft SDKs\Windows\v7.0A\bin\mt.exe /nologo /verbose /out:"Debug\mediaServer.exe.embed.manifest" /manifest Debug\mediaServer.exe.intermediate.manifest
         c:\Program Files\Microsoft SDKs\Windows\v7.0A\bin\rc.exe /nologo /fo"Debug\mediaServer.exe.embed.manifest.res" Debug\mediaServer_manifest.rc 
       LinkEmbedManifest:
         c:\Program Files\Microsoft Visual Studio 10.0\VC\bin\link.exe /ERRORREPORT:PROMPT /OUT:"D:\Projects\myLive\Debug\mediaServer.exe" /INCREMENTAL /NOLOGO UsageEnvironment.lib liveMedia.lib groupsock.lib BasicUsageEnvironment.lib Ws2_32.lib /MANIFEST /ManifestFile:"Debug\mediaServer.exe.intermediate.manifest" /MANIFESTUAC:"level='asInvoker' uiAccess='false'" /DEBUG /PDB:"D:\Projects\myLive\Debug\mediaServer.pdb" /SUBSYSTEM:CONSOLE /TLBID:1 /DYNAMICBASE /NXCOMPAT /IMPLIB:"D:\Projects\myLive\Debug\mediaServer.lib" /MACHINE:X86 Debug\mediaServer.exe.embed.manifest.res
         Debug\DynamicRTSPServer.obj
         Debug\live555MediaServer.obj
         mediaServer.vcxproj -> D:\Projects\myLive\Debug\mediaServer.exe
       FinalizeBuildStatus:
         正在删除文件“Debug\mediaServer.unsuccessfulbuild”。
         正在对“Debug\mediaServer.lastbuildstate”执行 Touch 任务。
     1>已完成生成项目“D:\Projects\myLive\mediaServer\mediaServer.vcxproj”(build 个目标)的操作。

生成成功。

已用时间 00:00:03.54
