生成启动时间为 2013-3-1 16:30:30。
     1>项目“D:\Projects\myLive\UsageEnvironment\UsageEnvironment.vcxproj”在节点 2 上(rebuild 个目标)。
     1>_PrepareForClean:
         正在删除文件“Debug\UsageEnvironment.lastbuildstate”。
     1>C:\Program Files\MSBuild\Microsoft.Cpp\v4.0\Microsoft.CppBuild.targets(299,5): warning MSB8004: Output 目录未以斜杠结尾。此生成实例将添加斜杠，因为必须有这个斜杠才能正确计算 Output 目录。
       InitializeBuildStatus:
         正在创建“Debug\UsageEnvironment.unsuccessfulbuild”，因为已指定“AlwaysCreate”。
       ClCompile:
         c:\Program Files\Microsoft Visual Studio 10.0\VC\bin\CL.exe /c /I..\UsageEnvironment\include /ZI /nologo /W3 /WX- /Od /Oy- /D WIN32 /D _DEBUG /D _LIB /D _UNICODE /D UNICODE /Gm /EHsc /RTC1 /MDd /GS /fp:precise /Zc:wchar_t /Zc:forScope /Fo"Debug\\" /Fd"Debug\vc100.pdb" /Gd /TP /analyze- /errorReport:prompt HashTable.cpp strDup.cpp UsageEnvironment.cpp
         UsageEnvironment.cpp
         strDup.cpp
         HashTable.cpp
         正在生成代码...
       Lib:
         c:\Program Files\Microsoft Visual Studio 10.0\VC\bin\Lib.exe /OUT:"d:\lib\UsageEnvironment.lib" /NOLOGO Debug\HashTable.obj
         Debug\strDup.obj
         Debug\UsageEnvironment.obj
         UsageEnvironment.vcxproj -> d:\lib\UsageEnvironment.lib
       FinalizeBuildStatus:
         正在删除文件“Debug\UsageEnvironment.unsuccessfulbuild”。
         正在对“Debug\UsageEnvironment.lastbuildstate”执行 Touch 任务。
     1>已完成生成项目“D:\Projects\myLive\UsageEnvironment\UsageEnvironment.vcxproj”(rebuild 个目标)的操作。

生成成功。

已用时间 00:00:02.98
