生成启动时间为 2013-3-1 16:30:30。
     1>项目“D:\Projects\myLive\groupsock\groupsock.vcxproj”在节点 3 上(rebuild 个目标)。
     1>_PrepareForClean:
         正在删除文件“Debug\groupsock.lastbuildstate”。
     1>C:\Program Files\MSBuild\Microsoft.Cpp\v4.0\Microsoft.CppBuild.targets(299,5): warning MSB8004: Output 目录未以斜杠结尾。此生成实例将添加斜杠，因为必须有这个斜杠才能正确计算 Output 目录。
       InitializeBuildStatus:
         正在创建“Debug\groupsock.unsuccessfulbuild”，因为已指定“AlwaysCreate”。
       ClCompile:
         c:\Program Files\Microsoft Visual Studio 10.0\VC\bin\CL.exe /c /I..\groupsock\include /ZI /nologo /W3 /WX- /Od /Oy- /D WIN32 /D _DEBUG /D _LIB /D _UNICODE /D UNICODE /Gm /EHsc /RTC1 /MDd /GS /fp:precise /Zc:wchar_t /Zc:forScope /Fo"Debug\\" /Fd"Debug\vc100.pdb" /Gd /TP /analyze- /errorReport:prompt GroupEId.cpp Groupsock.cpp GroupsockHelper.cpp IOHandlers.cpp NetAddress.cpp NetInterface.cpp
         NetInterface.cpp
         NetAddress.cpp
     1>d:\projects\mylive\groupsock\netaddress.cpp(307): warning C4996: 'sprintf': This function or variable may be unsafe. Consider using sprintf_s instead. To disable deprecation, use _CRT_SECURE_NO_WARNINGS. See online help for details.
                 c:\program files\microsoft visual studio 10.0\vc\include\stdio.h(371) : 参见“sprintf”的声明
         IOHandlers.cpp
         GroupsockHelper.cpp
     1>d:\projects\mylive\groupsock\groupsockhelper.cpp(145): warning C4996: 'sprintf': This function or variable may be unsafe. Consider using sprintf_s instead. To disable deprecation, use _CRT_SECURE_NO_WARNINGS. See online help for details.
                 c:\program files\microsoft visual studio 10.0\vc\include\stdio.h(371) : 参见“sprintf”的声明
     1>d:\projects\mylive\groupsock\groupsockhelper.cpp(246): warning C4996: 'sprintf': This function or variable may be unsafe. Consider using sprintf_s instead. To disable deprecation, use _CRT_SECURE_NO_WARNINGS. See online help for details.
                 c:\program files\microsoft visual studio 10.0\vc\include\stdio.h(371) : 参见“sprintf”的声明
     1>d:\projects\mylive\groupsock\groupsockhelper.cpp(328): warning C4996: 'sprintf': This function or variable may be unsafe. Consider using sprintf_s instead. To disable deprecation, use _CRT_SECURE_NO_WARNINGS. See online help for details.
                 c:\program files\microsoft visual studio 10.0\vc\include\stdio.h(371) : 参见“sprintf”的声明
     1>d:\projects\mylive\groupsock\groupsockhelper.cpp(643): warning C4996: 'sprintf': This function or variable may be unsafe. Consider using sprintf_s instead. To disable deprecation, use _CRT_SECURE_NO_WARNINGS. See online help for details.
                 c:\program files\microsoft visual studio 10.0\vc\include\stdio.h(371) : 参见“sprintf”的声明
     1>d:\projects\mylive\groupsock\groupsockhelper.cpp(678): warning C4996: 'ctime': This function or variable may be unsafe. Consider using ctime_s instead. To disable deprecation, use _CRT_SECURE_NO_WARNINGS. See online help for details.
                 c:\program files\microsoft visual studio 10.0\vc\include\time.inl(86) : 参见“ctime”的声明
     1>d:\projects\mylive\groupsock\groupsockhelper.cpp(680): warning C4996: 'sprintf': This function or variable may be unsafe. Consider using sprintf_s instead. To disable deprecation, use _CRT_SECURE_NO_WARNINGS. See online help for details.
                 c:\program files\microsoft visual studio 10.0\vc\include\stdio.h(371) : 参见“sprintf”的声明
     1>d:\projects\mylive\groupsock\groupsockhelper.cpp(730): warning C4244: “=”: 从“time_t”转换到“long”，可能丢失数据
         Groupsock.cpp
     1>d:\projects\mylive\groupsock\groupsock.cpp(505): warning C4996: 'sprintf': This function or variable may be unsafe. Consider using sprintf_s instead. To disable deprecation, use _CRT_SECURE_NO_WARNINGS. See online help for details.
                 c:\program files\microsoft visual studio 10.0\vc\include\stdio.h(371) : 参见“sprintf”的声明
     1>d:\projects\mylive\groupsock\groupsock.cpp(519): warning C4996: 'sprintf': This function or variable may be unsafe. Consider using sprintf_s instead. To disable deprecation, use _CRT_SECURE_NO_WARNINGS. See online help for details.
                 c:\program files\microsoft visual studio 10.0\vc\include\stdio.h(371) : 参见“sprintf”的声明
         GroupEId.cpp
         正在生成代码...
         c:\Program Files\Microsoft Visual Studio 10.0\VC\bin\CL.exe /c /I..\groupsock\include /ZI /nologo /W3 /WX- /Od /Oy- /D WIN32 /D _DEBUG /D _LIB /D _UNICODE /D UNICODE /Gm /EHsc /RTC1 /MDd /GS /fp:precise /Zc:wchar_t /Zc:forScope /Fo"Debug\\" /Fd"Debug\vc100.pdb" /Gd /TC /analyze- /errorReport:prompt inet.c
         inet.c
       Lib:
         c:\Program Files\Microsoft Visual Studio 10.0\VC\bin\Lib.exe /OUT:"d:\lib\groupsock.lib" /NOLOGO Debug\GroupEId.obj
         Debug\Groupsock.obj
         Debug\GroupsockHelper.obj
         Debug\inet.obj
         Debug\IOHandlers.obj
         Debug\NetAddress.obj
         Debug\NetInterface.obj
         groupsock.vcxproj -> d:\lib\groupsock.lib
       FinalizeBuildStatus:
         正在删除文件“Debug\groupsock.unsuccessfulbuild”。
         正在对“Debug\groupsock.lastbuildstate”执行 Touch 任务。
     1>已完成生成项目“D:\Projects\myLive\groupsock\groupsock.vcxproj”(rebuild 个目标)的操作。

生成成功。

已用时间 00:03:27.64
